Unsupposrted library path: /home/glauco/GitHub/Phillip-Clinet/Phillipe/build/classes/java/api
Unsupposrted library path: /home/glauco/GitHub/Phillip-Clinet/Phillipe/build/resources/api
Symbol range map extraction starting
Processing 9 files
startProcessing "rina/phillipe/PhillipeClient.java" md5: 7115c56faf6003fc15b5c6f6c2a9c141
endProcessing "rina/phillipe/PhillipeClient.java"

startProcessing "rina/phillipe/command/Command.java" md5: a41e62e852e9a6021dba5c8eb4f0a203
endProcessing "rina/phillipe/command/Command.java"

startProcessing "rina/phillipe/event/EventClientManager.java" md5: e68016f02397c6a1871896e6568169bc
endProcessing "rina/phillipe/event/EventClientManager.java"

startProcessing "rina/phillipe/mixin/MixinLoader.java" md5: 76ba58897fd7c7d0efdf9645414e1081
endProcessing "rina/phillipe/mixin/MixinLoader.java"

startProcessing "rina/phillipe/modules/Module.java" md5: a72457a5e7b4f6af2b303b65fc82a158
endProcessing "rina/phillipe/modules/Module.java"

startProcessing "rina/phillipe/modules/ModuleManager.java" md5: b67650b27ba808eee64ba389bcdfed95
endProcessing "rina/phillipe/modules/ModuleManager.java"

startProcessing "rina/phillipe/modules/movement/Sprint.java" md5: 629c0b3d4f98671bbbf93fa3dd4250f8
endProcessing "rina/phillipe/modules/movement/Sprint.java"

startProcessing "rina/phillipe/settings/Setting.java" md5: 381806417da39274890646b07cddaa2d
endProcessing "rina/phillipe/settings/Setting.java"

startProcessing "rina/phillipe/settings/SettingsManager.java" md5: efdee3c24726f2e71822e9d04592fd66
endProcessing "rina/phillipe/settings/SettingsManager.java"

